CRITICAL - 2022-03-25 14:47:46 --> syntax error, unexpected token "echo", expecting "," or ";"
#0 C:\Users\julia\Documents\IFRS\DSI\codeigniter\system\View\View.php(213): CodeIgniter\View\View->CodeIgniter\View\{closure}()
#1 C:\Users\julia\Documents\IFRS\DSI\codeigniter\system\Common.php(1089): CodeIgniter\View\View->render('result', Array, true)
#2 C:\Users\julia\Documents\IFRS\DSI\codeigniter\app\Controllers\Home.php(22): view('result', Array)
#3 C:\Users\julia\Documents\IFRS\DSI\codeigniter\system\CodeIgniter.php(832): App\Controllers\Home->enviaFormulario()
#4 C:\Users\julia\Documents\IFRS\DSI\codeigniter\system\CodeIgniter.php(419): CodeIgniter\CodeIgniter->runController(Object(App\Controllers\Home))
#5 C:\Users\julia\Documents\IFRS\DSI\codeigniter\system\CodeIgniter.php(326): CodeIgniter\CodeIgniter->handleRequest(NULL, Object(Config\Cache), false)
#6 C:\Users\julia\Documents\IFRS\DSI\codeigniter\public\index.php(37): CodeIgniter\CodeIgniter->run()
#7 C:\Users\julia\Documents\IFRS\DSI\codeigniter\system\Commands\Server\rewrite.php(43): require_once('C:\\Users\\julia\\...')
#8 {main}
CRITICAL - 2022-03-25 14:47:53 --> syntax error, unexpected token "echo", expecting "," or ";"
#0 C:\Users\julia\Documents\IFRS\DSI\codeigniter\system\View\View.php(213): CodeIgniter\View\View->CodeIgniter\View\{closure}()
#1 C:\Users\julia\Documents\IFRS\DSI\codeigniter\system\Common.php(1089): CodeIgniter\View\View->render('result', Array, true)
#2 C:\Users\julia\Documents\IFRS\DSI\codeigniter\app\Controllers\Home.php(22): view('result', Array)
#3 C:\Users\julia\Documents\IFRS\DSI\codeigniter\system\CodeIgniter.php(832): App\Controllers\Home->enviaFormulario()
#4 C:\Users\julia\Documents\IFRS\DSI\codeigniter\system\CodeIgniter.php(419): CodeIgniter\CodeIgniter->runController(Object(App\Controllers\Home))
#5 C:\Users\julia\Documents\IFRS\DSI\codeigniter\system\CodeIgniter.php(326): CodeIgniter\CodeIgniter->handleRequest(NULL, Object(Config\Cache), false)
#6 C:\Users\julia\Documents\IFRS\DSI\codeigniter\public\index.php(37): CodeIgniter\CodeIgniter->run()
#7 C:\Users\julia\Documents\IFRS\DSI\codeigniter\system\Commands\Server\rewrite.php(43): require_once('C:\\Users\\julia\\...')
#8 {main}
ERROR - 2022-03-25 15:48:12 --> Duplicate entry 'aa@a.com' for key 'PRIMARY'
